0 info it worked if it ends with ok
1 verbose cli [ '/usr/local/bin/node', '/usr/local/bin/npm', 'install' ]
2 info using npm@2.15.11
3 info using node@v4.6.2
4 verbose readDependencies loading dependencies from /var/www/meteorWx/package.json
5 verbose install where, deps [ '/var/www/meteorWx',
5 verbose install   [ 'babel-runtime',
5 verbose install     'bcrypt',
5 verbose install     'fibers',
5 verbose install     'jssha',
5 verbose install     'lodash',
5 verbose install     'meteor-node-stubs',
5 verbose install     'moment',
5 verbose install     'radium',
5 verbose install     'react',
5 verbose install     'react-addons-pure-render-mixin',
5 verbose install     'react-addons-update',
5 verbose install     'react-dom',
5 verbose install     'react-redux',
5 verbose install     'react-router',
5 verbose install     'react-router-redux',
5 verbose install     'redux',
5 verbose install     'babel-eslint',
5 verbose install     'babel-plugin-transform-decorators-legacy',
5 verbose install     'eslint',
5 verbose install     'eslint-config-airbnb',
5 verbose install     'eslint-import-resolver-meteor',
5 verbose install     'eslint-plugin-import',
5 verbose install     'eslint-plugin-jsx-a11y',
5 verbose install     'eslint-plugin-meteor',
5 verbose install     'eslint-plugin-react',
5 verbose install     'redux-devtools' ] ]
6 verbose install where, peers [ '/var/www/meteorWx', [] ]
7 verbose installManyTop reading for lifecycle /var/www/meteorWx/package.json
8 info preinstall scaffolding@
9 verbose installManyTop reading scoped package data from /var/www/meteorWx/node_modules/babel-eslint/package.json
10 verbose installManyTop reading scoped package data from /var/www/meteorWx/node_modules/babel-plugin-transform-decorators-legacy/package.json
11 verbose installManyTop reading scoped package data from /var/www/meteorWx/node_modules/babel-runtime/package.json
12 verbose installManyTop reading scoped package data from /var/www/meteorWx/node_modules/bcrypt/package.json
13 verbose installManyTop reading scoped package data from /var/www/meteorWx/node_modules/eslint/package.json
14 verbose installManyTop reading scoped package data from /var/www/meteorWx/node_modules/eslint-config-airbnb/package.json
15 verbose installManyTop reading scoped package data from /var/www/meteorWx/node_modules/eslint-import-resolver-meteor/package.json
16 verbose installManyTop reading scoped package data from /var/www/meteorWx/node_modules/eslint-plugin-import/package.json
17 verbose installManyTop reading scoped package data from /var/www/meteorWx/node_modules/eslint-plugin-jsx-a11y/package.json
18 verbose installManyTop reading scoped package data from /var/www/meteorWx/node_modules/eslint-plugin-meteor/package.json
19 verbose installManyTop reading scoped package data from /var/www/meteorWx/node_modules/eslint-plugin-react/package.json
20 verbose installManyTop reading scoped package data from /var/www/meteorWx/node_modules/fibers/package.json
21 verbose installManyTop reading scoped package data from /var/www/meteorWx/node_modules/jssha/package.json
22 verbose installManyTop reading scoped package data from /var/www/meteorWx/node_modules/lodash/package.json
23 verbose installManyTop reading scoped package data from /var/www/meteorWx/node_modules/meteor-node-stubs/package.json
24 verbose installManyTop reading scoped package data from /var/www/meteorWx/node_modules/moment/package.json
25 verbose installManyTop reading scoped package data from /var/www/meteorWx/node_modules/radium/package.json
26 verbose installManyTop reading scoped package data from /var/www/meteorWx/node_modules/react/package.json
27 verbose installManyTop reading scoped package data from /var/www/meteorWx/node_modules/react-addons-pure-render-mixin/package.json
28 verbose installManyTop reading scoped package data from /var/www/meteorWx/node_modules/react-addons-update/package.json
29 verbose installManyTop reading scoped package data from /var/www/meteorWx/node_modules/react-dom/package.json
30 verbose installManyTop reading scoped package data from /var/www/meteorWx/node_modules/react-redux/package.json
31 verbose installManyTop reading scoped package data from /var/www/meteorWx/node_modules/react-router/package.json
32 verbose installManyTop reading scoped package data from /var/www/meteorWx/node_modules/react-router-redux/package.json
33 verbose installManyTop reading scoped package data from /var/www/meteorWx/node_modules/redux/package.json
34 verbose installManyTop reading scoped package data from /var/www/meteorWx/node_modules/redux-devtools/package.json
35 info package.json eslint-plugin-react@5.2.2 No README data
36 info package.json jssha@1.6.2 license should be a valid SPDX license expression
37 verbose readDependencies loading dependencies from /var/www/meteorWx/package.json
38 verbose targetResolver reading package data from /var/www/meteorWx/node_modules/babel-eslint/package.json
39 verbose targetResolver reading package data from /var/www/meteorWx/node_modules/babel-plugin-transform-decorators-legacy/package.json
40 verbose targetResolver reading package data from /var/www/meteorWx/node_modules/babel-runtime/package.json
41 verbose targetResolver reading package data from /var/www/meteorWx/node_modules/bcrypt/package.json
42 verbose targetResolver reading package data from /var/www/meteorWx/node_modules/eslint/package.json
43 verbose targetResolver reading package data from /var/www/meteorWx/node_modules/eslint-config-airbnb/package.json
44 verbose targetResolver reading package data from /var/www/meteorWx/node_modules/eslint-import-resolver-meteor/package.json
45 verbose targetResolver reading package data from /var/www/meteorWx/node_modules/eslint-plugin-import/package.json
46 verbose targetResolver reading package data from /var/www/meteorWx/node_modules/eslint-plugin-jsx-a11y/package.json
47 verbose targetResolver reading package data from /var/www/meteorWx/node_modules/eslint-plugin-meteor/package.json
48 verbose targetResolver reading package data from /var/www/meteorWx/node_modules/eslint-plugin-react/package.json
49 verbose targetResolver reading package data from /var/www/meteorWx/node_modules/fibers/package.json
50 verbose targetResolver reading package data from /var/www/meteorWx/node_modules/jssha/package.json
51 verbose targetResolver reading package data from /var/www/meteorWx/node_modules/lodash/package.json
52 verbose targetResolver reading package data from /var/www/meteorWx/node_modules/meteor-node-stubs/package.json
53 verbose targetResolver reading package data from /var/www/meteorWx/node_modules/moment/package.json
54 verbose targetResolver reading package data from /var/www/meteorWx/node_modules/radium/package.json
55 verbose targetResolver reading package data from /var/www/meteorWx/node_modules/react/package.json
56 verbose targetResolver reading package data from /var/www/meteorWx/node_modules/react-addons-pure-render-mixin/package.json
57 verbose targetResolver reading package data from /var/www/meteorWx/node_modules/react-addons-update/package.json
58 verbose targetResolver reading package data from /var/www/meteorWx/node_modules/react-dom/package.json
59 verbose targetResolver reading package data from /var/www/meteorWx/node_modules/react-redux/package.json
60 verbose targetResolver reading package data from /var/www/meteorWx/node_modules/react-router/package.json
61 verbose targetResolver reading package data from /var/www/meteorWx/node_modules/react-router-redux/package.json
62 verbose targetResolver reading package data from /var/www/meteorWx/node_modules/redux/package.json
63 verbose targetResolver reading package data from /var/www/meteorWx/node_modules/redux-devtools/package.json
64 verbose targetResolver reading package data from /var/www/meteorWx/node_modules/.bin/eslint/package.json
65 verbose already installed skipping eslint-plugin-react@^5.1.1 /var/www/meteorWx
66 verbose already installed skipping redux-devtools@* /var/www/meteorWx
67 verbose already installed skipping babel-runtime@^6.23.0 /var/www/meteorWx
68 verbose already installed skipping bcrypt@^1.0.2 /var/www/meteorWx
69 verbose already installed skipping fibers@^1.0.15 /var/www/meteorWx
70 verbose already installed skipping jssha@^1.6.0 /var/www/meteorWx
71 verbose already installed skipping lodash@^4.13.1 /var/www/meteorWx
72 verbose already installed skipping meteor-node-stubs@^0.2.3 /var/www/meteorWx
73 verbose already installed skipping moment@^2.14.1 /var/www/meteorWx
74 verbose already installed skipping radium@^0.18.1 /var/www/meteorWx
75 verbose already installed skipping react@^15.4.2 /var/www/meteorWx
76 verbose already installed skipping react-addons-pure-render-mixin@^15.2.1 /var/www/meteorWx
77 verbose already installed skipping react-addons-update@^15.2.1 /var/www/meteorWx
78 verbose already installed skipping react-dom@^15.2.1 /var/www/meteorWx
79 verbose already installed skipping react-redux@^4.4.5 /var/www/meteorWx
80 verbose already installed skipping react-router@^2.6.0 /var/www/meteorWx
81 verbose already installed skipping react-router-redux@^4.0.5 /var/www/meteorWx
82 verbose already installed skipping redux@^3.5.2 /var/www/meteorWx
83 verbose already installed skipping babel-eslint@^6.1.2 /var/www/meteorWx
84 verbose already installed skipping babel-plugin-transform-decorators-legacy@^1.3.4 /var/www/meteorWx
85 verbose already installed skipping eslint@^3.3.1 /var/www/meteorWx
86 verbose already installed skipping eslint-config-airbnb@^9.0.1 /var/www/meteorWx
87 verbose already installed skipping eslint-import-resolver-meteor@^0.3.1 /var/www/meteorWx
88 verbose already installed skipping eslint-plugin-import@^1.12.0 /var/www/meteorWx
89 verbose already installed skipping eslint-plugin-jsx-a11y@^1.2.2 /var/www/meteorWx
90 verbose already installed skipping eslint-plugin-meteor@^3.5.2 /var/www/meteorWx
91 silly install resolved []
92 info build /var/www/meteorWx
93 info linkStuff scaffolding@
94 silly linkStuff scaffolding@ has /var/www as its parent node_modules
95 verbose linkBins scaffolding@
96 verbose linkMans scaffolding@
97 verbose rebuildBundles scaffolding@
98 verbose rebuildBundles [ '.bin',
98 verbose rebuildBundles   'babel-eslint',
98 verbose rebuildBundles   'babel-plugin-transform-decorators-legacy',
98 verbose rebuildBundles   'babel-runtime',
98 verbose rebuildBundles   'bcrypt',
98 verbose rebuildBundles   'eslint',
98 verbose rebuildBundles   'eslint-config-airbnb',
98 verbose rebuildBundles   'eslint-import-resolver-meteor',
98 verbose rebuildBundles   'eslint-plugin-import',
98 verbose rebuildBundles   'eslint-plugin-jsx-a11y',
98 verbose rebuildBundles   'eslint-plugin-meteor',
98 verbose rebuildBundles   'eslint-plugin-react',
98 verbose rebuildBundles   'fibers',
98 verbose rebuildBundles   'jssha',
98 verbose rebuildBundles   'lodash',
98 verbose rebuildBundles   'meteor-node-stubs',
98 verbose rebuildBundles   'moment',
98 verbose rebuildBundles   'radium',
98 verbose rebuildBundles   'react',
98 verbose rebuildBundles   'react-addons-pure-render-mixin',
98 verbose rebuildBundles   'react-addons-update',
98 verbose rebuildBundles   'react-dom',
98 verbose rebuildBundles   'react-redux',
98 verbose rebuildBundles   'react-router',
98 verbose rebuildBundles   'react-router-redux',
98 verbose rebuildBundles   'redux',
98 verbose rebuildBundles   'redux-devtools' ]
99 info install scaffolding@
100 info postinstall scaffolding@
101 info prepublish scaffolding@
102 verbose validateInstall loading /var/www/meteorWx/package.json for validation
103 verbose stack Error: The package eslint@3.19.0 does not satisfy its siblings' peerDependencies requirements!
103 verbose stack     at /usr/local/lib/node_modules/npm/lib/install.js:125:32
103 verbose stack     at /usr/local/lib/node_modules/npm/lib/install.js:268:7
103 verbose stack     at /usr/local/lib/node_modules/npm/node_modules/read-installed/read-installed.js:142:5
103 verbose stack     at /usr/local/lib/node_modules/npm/node_modules/read-installed/read-installed.js:263:14
103 verbose stack     at cb (/usr/local/lib/node_modules/npm/node_modules/slide/lib/async-map.js:47:24)
103 verbose stack     at /usr/local/lib/node_modules/npm/node_modules/read-installed/read-installed.js:263:14
103 verbose stack     at cb (/usr/local/lib/node_modules/npm/node_modules/slide/lib/async-map.js:47:24)
103 verbose stack     at /usr/local/lib/node_modules/npm/node_modules/read-installed/read-installed.js:263:14
103 verbose stack     at cb (/usr/local/lib/node_modules/npm/node_modules/slide/lib/async-map.js:47:24)
103 verbose stack     at /usr/local/lib/node_modules/npm/node_modules/read-installed/read-installed.js:263:14
104 verbose cwd /var/www/meteorWx
105 error Linux 3.13.0-86-generic
106 error argv "/usr/local/bin/node" "/usr/local/bin/npm" "install"
107 error node v4.6.2
108 error npm  v2.15.11
109 error code EPEERINVALID
110 error peerinvalid The package eslint@3.19.0 does not satisfy its siblings' peerDependencies requirements!
110 error peerinvalid Peer eslint-plugin-jsx-a11y@1.5.5 wants eslint@^2.10.2 || 3.x
110 error peerinvalid Peer eslint-plugin-import@1.16.0 wants eslint@2.x - 3.x
110 error peerinvalid Peer eslint-plugin-meteor@3.6.0 wants eslint@>=0.8.0
110 error peerinvalid Peer eslint-config-airbnb@9.0.1 wants eslint@^2.9.0
111 verbose exit [ 1, true ]
